C51 COMPILER V9.59.0.0   BSP_ONELINE                                                       04/02/2019 20:06:17 PAGE 1   


C51 COMPILER V9.59.0.0, COMPILATION OF MODULE BSP_ONELINE
OBJECT MODULE PLACED IN .\Objects\bsp_oneline.obj
COMPILER INVOKED BY: E:\MDK\C51\BIN\C51.EXE ..\bsp\bsp_oneline.c OPTIMIZE(8,SPEED) BROWSE INCDIR(..\bsp;..\lib;..\user) 
                    -DEBUG OBJECTEXTEND PRINT(.\Listings\bsp_oneline.lst) TABS(7) OBJECT(.\Objects\bsp_oneline.obj)

line level    source

   1          #include "bsp_oneline.h"
   2          
   3          PROTOCOL_SENDMODE Protocol_SendMode;
   4          PROTOCOL_REVMODE  Protocol_RevMode;
   5          
   6          /**********************************************************************************
   7          *作者:peter
   8          *日期:190401
   9          *描述:IO口输出初始化
  10          *返回:无
  11          ***********************************************************************************/
  12          void OneLineOut_Init(void)
  13          {
  14   1             P0CON |= 0X01;
  15   1             P0PH   &= ~0X01;
  16   1      }
  17          /**********************************************************************************
  18          *作者:peter
  19          *日期:190401
  20          *描述:IO口输入初始化
  21          *返回:无
  22          ***********************************************************************************/
  23          void OneLineIn_Init(void)
  24          {
  25   1             P0CON &= ~0X01;
  26   1             P0PH   |=  0X01;
  27   1      }
  28          
  29          /**********************************************************************************
  30          *作者:peter
  31          *日期:190401
  32          *描述:数据1处理
  33          *返回:无
  34          ***********************************************************************************/
  35          static void Data1_Handle(void)
  36          {
  37   1             Protocol_SendMode.u16Send1Cnts ++;
  38   1             if(Protocol_SendMode.u16Send1Cnts < Data1Time9Cnts)
  39   1             {
  40   2                    WriteHight();
  41   2             }
  42   1             else
  43   1             {
  44   2                    if(Protocol_SendMode.u16Send1Cnts < Data1Time10Cnts)
  45   2                    {
  46   3                           WriteLow();
  47   3                    }
  48   2                    else
  49   2                    {
  50   3                           Protocol_SendMode.u16Send1Cnts = 0;
  51   3                           Protocol_SendMode.CommandTemp <<= 1;
  52   3                           Protocol_SendMode.index --;
  53   3                    }
  54   2             }
C51 COMPILER V9.59.0.0   BSP_ONELINE                                                       04/02/2019 20:06:17 PAGE 2   

  55   1      }
  56          /**********************************************************************************
  57          *作者:peter
  58          *日期:190401
  59          *描述:数据0处理
  60          *返回:无
  61          ***********************************************************************************/
  62          static void Data0_Handle(void)
  63          {
  64   1             Protocol_SendMode.u16Send0Cnts ++;
  65   1             if(Protocol_SendMode.u16Send0Cnts < Data0Time5Cnts)
  66   1             {
  67   2                    WriteHight();
  68   2             }
  69   1             else
  70   1             {
  71   2                    if(Protocol_SendMode.u16Send0Cnts < Data0Time10Cnts)
  72   2                    {
  73   3                           WriteLow();
  74   3                    }
  75   2                    else
  76   2                    {
  77   3                           Protocol_SendMode.u16Send0Cnts = 0;
  78   3                           Protocol_SendMode.CommandTemp <<= 1;
  79   3                           Protocol_SendMode.index --;
  80   3                    }
  81   2             }
  82   1      }
  83          /**********************************************************************************
  84          *作者:peter
  85          *日期:190401
  86          *描述:数据处理
  87          *返回:无
  88          ***********************************************************************************/
  89          static void Data_Handle(void)
  90          {
  91   1             if(Protocol_SendMode.ProcessFlag)
  92   1             {
  93   2                    Protocol_SendMode.u16SendHanderCnts ++;
  94   2                    if(Protocol_SendMode.u16SendHanderCnts < HeadDataTime)
  95   2                    {
  96   3                           WriteLow();
  97   3                    }
  98   2                    else
  99   2                   {
 100   3                                  if(Protocol_SendMode.index > 0)
 101   3                                  {
 102   4                                         if(Protocol_SendMode.CommandTemp & 0x80)
 103   4                                         {
 104   5                                                Data1_Handle();
 105   5                                         }
 106   4                                         else
 107   4                                         {
 108   5                                                Data0_Handle();
 109   5                                         }
 110   4                                  }
 111   3                                  else
 112   3                                  {
 113   4                                         Protocol_SendMode.u16SendEnderCnts ++;
 114   4                                         WriteLow();
 115   4                                         if(Protocol_SendMode.u16SendEnderCnts == EndDataTime)
 116   4                                         {
C51 COMPILER V9.59.0.0   BSP_ONELINE                                                       04/02/2019 20:06:17 PAGE 3   

 117   5                                                WriteHight();
 118   5                                                Protocol_SendMode.u16SendEnderCnts = 0;
 119   5                                                Protocol_SendMode.u16SendHanderCnts = 0;
 120   5                                                Protocol_SendMode.ProcessFlag = 0;
 121   5                                                Protocol_SendMode.index = 8;
 122   5                                         }
 123   4                                  }
 124   3                    }
 125   2             }
 126   1      }
 127          /**********************************************************************************
 128          *作者:peter
 129          *日期:190401
 130          *描述:一串数据发送处理
 131          *返回:无
 132          ***********************************************************************************/
 133          void OneLineOut_Handle(void)
 134          {
 135   1             Protocol_SendMode.u16SenderCnts ++;
 136   1             if(Protocol_SendMode.u16SenderCnts == SerialDataTime)
 137   1             {
 138   2                    Protocol_SendMode.u16SenderCnts = 0;
 139   2                    Protocol_SendMode.ProcessFlag = 1;
 140   2                    Protocol_SendMode.CommandTemp = Protocol_SendMode.Command;
 141   2             }
 142   1             Data_Handle();       
 143   1      }
 144          
 145          /**********************************************************************************
 146          *作者:peter
 147          *日期:190401
 148          *描述:一串数据接收处理
 149          *返回:无
 150          ***********************************************************************************/
 151          void OneLineIn_Handle(void)
 152          {
 153   1             Protocol_RevMode.Rev_Data = ONELINE_PIN;
 154   1             if((!Protocol_RevMode.Rev_Data)&&(!Protocol_RevMode.StartRevDataFlag))
 155   1             {
 156   2                    ++ Protocol_RevMode.u8Cnts50ms;
 157   2             }
 158   1             if(Protocol_RevMode.Rev_Data)
 159   1             {
 160   2                    if((Protocol_RevMode.u8Cnts50ms >= 15)&&(Protocol_RevMode.u8Cnts50ms <= 22))
 161   2                    {
 162   3                           Protocol_RevMode.HightLevelTime = 0;
 163   3                           Protocol_RevMode.LowLevelTime = 0;
 164   3                           Protocol_RevMode.u8Cnts50ms= 0;
 165   3                           Protocol_RevMode.Value = 0;
 166   3                           Protocol_RevMode.StartRevDataFlag = 1;
 167   3                           Protocol_RevMode.Total_Data = 8;
 168   3                    }
 169   2                    else if(Protocol_RevMode.u8Cnts50ms > 22)
 170   2                    {
 171   3                           Protocol_RevMode.HightLevelTime = 0;
 172   3                           Protocol_RevMode.LowLevelTime = 0;
 173   3                           Protocol_RevMode.u8Cnts50ms= 0;
 174   3                           Protocol_RevMode.Value = 0;
 175   3                           Protocol_RevMode.StartRevDataFlag = 0;
 176   3                           Protocol_RevMode.Total_Data = 8;
 177   3                    }
 178   2                    else
C51 COMPILER V9.59.0.0   BSP_ONELINE                                                       04/02/2019 20:06:17 PAGE 4   

 179   2                    {
 180   3                           Protocol_RevMode.u8Cnts50ms = 0;
 181   3                    }
 182   2             }
 183   1             if(Protocol_RevMode.StartRevDataFlag)
 184   1             {
 185   2                    if(Protocol_RevMode.Total_Data > 0)
 186   2                    {
 187   3                           if(Protocol_RevMode.Rev_Data)
 188   3                           {
 189   4                                  Protocol_RevMode.LowLevelFlag = 1;
 190   4                                  Protocol_RevMode.HightLevelTime ++;
 191   4                           }
 192   3                           if((!Protocol_RevMode.Rev_Data)&&(Protocol_RevMode.LowLevelFlag))
 193   3                           {
 194   4                                  Protocol_RevMode.LowLevelFlag = 0;
 195   4                                  Protocol_RevMode.Value <<= 1;
 196   4                                  Protocol_RevMode.LowLevelTime ++;
 197   4                                  if((Protocol_RevMode.HightLevelTime >= 7)&&(Protocol_RevMode.HightLevelTime <= 10))
 198   4                                  {
 199   5                                         Protocol_RevMode.HightLevelTime = 0;
 200   5                                         Protocol_RevMode.LowLevelTime = 0;
 201   5                                         Protocol_RevMode.Value |= 0x01;
 202   5                                         Protocol_RevMode.Total_Data --;
 203   5                                  }
 204   4                                  if((Protocol_RevMode.HightLevelTime >= 1)&&(Protocol_RevMode.HightLevelTime <= 6))
 205   4                                  {
 206   5                                         Protocol_RevMode.HightLevelTime = 0;
 207   5                                         Protocol_RevMode.LowLevelTime = 0;
 208   5                                         Protocol_RevMode.Value &= ~0x01;
 209   5                                         Protocol_RevMode.Total_Data --;
 210   5                                  }
 211   4                                  if((Protocol_RevMode.HightLevelTime > 16)&&(Protocol_RevMode.LowLevelTime>8))
 212   4                                  {
 213   5                                         Protocol_RevMode.HightLevelTime = 0;
 214   5                                         Protocol_RevMode.LowLevelTime = 0;
 215   5                                         Protocol_RevMode.u8Cnts50ms= 0;
 216   5                                         Protocol_RevMode.Value = 0;
 217   5                                         Protocol_RevMode.StartRevDataFlag = 0;
 218   5                                         Protocol_RevMode.Total_Data = 8;
 219   5                                  }
 220   4                           }
 221   3                    }
 222   2                    else
 223   2                    {
 224   3                           Protocol_RevMode.HightLevelTime = 0;
 225   3                           Protocol_RevMode.LowLevelTime = 0;
 226   3                           Protocol_RevMode.u8Cnts50ms= 0;
 227   3                           Protocol_RevMode.Data = Protocol_RevMode.Value;
 228   3                           Protocol_RevMode.StartRevDataFlag = 0;
 229   3                           Protocol_RevMode.Total_Data = 8;
 230   3                    }
 231   2             }
 232   1             
 233   1      }
 234          
 235          
 236          
 237          
 238          
 239          

C51 COMPILER V9.59.0.0   BSP_ONELINE                                                       04/02/2019 20:06:17 PAGE 5   


MODULE INFORMATION:   STATIC OVERLAYABLE
   CODE SIZE        =    518    ----
   CONSTANT SIZE    =   ----    ----
   XDATA SIZE       =   ----    ----
   PDATA SIZE       =   ----    ----
   DATA SIZE        =     26    ----
   IDATA SIZE       =   ----    ----
   BIT SIZE         =   ----    ----
END OF MODULE INFORMATION.


C51 COMPILATION COMPLETE.  0 WARNING(S),  0 ERROR(S)
