C51 COMPILER V9.59.0.0   BSP_KEY                                                           04/02/2019 20:15:35 PAGE 1   


C51 COMPILER V9.59.0.0, COMPILATION OF MODULE BSP_KEY
OBJECT MODULE PLACED IN .\Objects\bsp_key.obj
COMPILER INVOKED BY: E:\MDK\C51\BIN\C51.EXE ..\bsp\bsp_key.c OPTIMIZE(8,SPEED) BROWSE INCDIR(..\bsp;..\lib;..\user) DEBU
                    -G OBJECTEXTEND PRINT(.\Listings\bsp_key.lst) TABS(7) OBJECT(.\Objects\bsp_key.obj)

line level    source

   1          #include "bsp_key.h"
   2          
   3          
   4          extern TIMEOUT_PARA TimeOut_Para[2];
   5          
   6          unsigned char KeyDebounceFlag;
   7          
   8          
   9          void Key_Init(void)
  10          {
  11   1             P2CON &= ~0X02;
  12   1             P2PH    |= 0X02;
  13   1      }
  14          
  15          unsigned char Read_Key(unsigned int GPIO_PORT,unsigned char GPIO_PIN)
  16          {
  17   1             if(GPIO_PORT == P2)
  18   1             {
  19   2                    if(0 == GPIO_PIN)
  20   2                    {
  21   3                           #if 0
                                   if(!KeyDebounceFlag)
                                   {
                                          KeyDebounceFlag = 1;
                                          TimeOut_Record(&TimeOut_Para[0],KeyDebounceTime);
                                   }
                                  if(TimeOutDet_Check(&TimeOut_Para[0]))
                                  {
                                          return 1;
                                  }
                                  else
                                  {
                                          KeyDebounceFlag = 0;
                                          return 0;
                                  }
                                  #else
  37   3                          return 1;
  38   3                          #endif
  39   3                    }
  40   2                    else
  41   2                    {
  42   3                           KeyDebounceFlag = 0;
  43   3                           return 0;
  44   3                    }
  45   2             }
  46   1             else
  47   1             {
  48   2                    KeyDebounceFlag = 0;
  49   2                    return 0;
  50   2             }
  51   1      }
  52          
  53          
  54          
C51 COMPILER V9.59.0.0   BSP_KEY                                                           04/02/2019 20:15:35 PAGE 2   



MODULE INFORMATION:   STATIC OVERLAYABLE
   CODE SIZE        =     28    ----
   CONSTANT SIZE    =   ----    ----
   XDATA SIZE       =   ----    ----
   PDATA SIZE       =   ----    ----
   DATA SIZE        =      1    ----
   IDATA SIZE       =   ----    ----
   BIT SIZE         =   ----    ----
END OF MODULE INFORMATION.


C51 COMPILATION COMPLETE.  0 WARNING(S),  0 ERROR(S)
