C51 COMPILER V9.59.0.0   SYSTEM                                                            04/02/2019 20:08:29 PAGE 1   


C51 COMPILER V9.59.0.0, COMPILATION OF MODULE SYSTEM
OBJECT MODULE PLACED IN .\Objects\system.obj
COMPILER INVOKED BY: E:\MDK\C51\BIN\C51.EXE ..\user\system.c OPTIMIZE(8,SPEED) BROWSE INCDIR(..\bsp;..\lib;..\user) DEBU
                    -G OBJECTEXTEND PRINT(.\Listings\system.lst) TABS(7) OBJECT(.\Objects\system.obj)

line level    source

   1          #include "system.h"
   2          
   3          
   4          TIMEOUT_PARA TimeOut_Para[2];
   5          
   6          extern PROTOCOL_SENDMODE Protocol_SendMode; 
   7          extern PROTOCOL_REVMODE  Protocol_RevMode;
   8          
   9          unsigned char KeyPressFlag;
  10          unsigned char KeyPressRevFlag;
  11          
  12          unsigned char Rev_Flag;
  13          
  14          
  15          void System_Init(void)
  16          {
  17   1              Protocol_SendMode.index = 8;
  18   1              Protocol_SendMode.Command = 0x00;
  19   1              Led_Init();
  20   1              //OneLineOut_Init();
  21   1              OneLineIn_Init();
  22   1              Key_Init();
  23   1              TimeOutDet_Init();
  24   1              Timer_Init();
  25   1      }
  26          
  27          void System_Handle(void)
  28          {
  29   1             static unsigned char Cnts;
  30   1             #if 0
                     static unsigned char Cnts;
                     if(TimeOutDet_Check(&TimeOut_Para[0]))
                     {
                            TimeOut_Record(&TimeOut_Para[0],OnLine_Time);
                            ++ Cnts;
                            if(Cnts & 0x01)
                            {
                                   //OneLineOut_Init();
                            }
                            else
                            {
                                   //OneLineIn_Init();
                            }
                     }
                     #endif
  46   1             
  47   1             #if 1
  48   1             if(Read_Key(KEY_PORT,KEY_PIN))
  49   1             {
  50   2                    if(!KeyPressFlag)
  51   2                    {
  52   3                           KeyPressFlag = 1;
  53   3                           KeyPressRevFlag = 1;
  54   3                           OneLineOut_Init();
C51 COMPILER V9.59.0.0   SYSTEM                                                            04/02/2019 20:08:29 PAGE 2   

  55   3                           Protocol_SendMode.Command = 0x02;
  56   3                           TimeOut_Record(&TimeOut_Para[0],OnLine_Time);
  57   3                    }
  58   2                    if(TimeOutDet_Check(&TimeOut_Para[0]))
  59   2                    {
  60   3                           OneLineIn_Init();
  61   3                    }
  62   2             }
  63   1             else
  64   1             {
  65   2                    if(KeyPressFlag)
  66   2                    {
  67   3                           KeyPressFlag = 0;
  68   3                           KeyPressRevFlag = 0;
  69   3                          Protocol_SendMode.Command = 0x00;   
  70   3                    }
  71   2             }
  72   1             switch (Protocol_RevMode.Data)
  73   1             {
  74   2                    case 0x10:
  75   2                                   break;
  76   2                    case 0x20:
  77   2                                   #if 1
  78   2                                   if(KeyPressRevFlag)
  79   2                                   {
  80   3                                         KeyPressRevFlag = 0;
  81   3                                         ++ Cnts;
  82   3                                         if(Cnts & 0x01)
  83   3                                         {
  84   4                                              LED1_SET(1);    
  85   4                                         }
  86   3                                         else
  87   3                                         {
  88   4                                              LED1_SET(0);
  89   4                                         }
  90   3                                    }
  91   2                                    #else
                                           LED1_SET(1);
                                            #endif
  94   2                                   break;
  95   2                    case 0x40:
  96   2                                   
  97   2                                   break;
  98   2                    case 0x80:
  99   2                                   
 100   2                                   break;
 101   2                    default:
 102   2                                  //LED1_SET(0);
 103   2                                   break;
 104   2             }
 105   1             #else
                     switch (Protocol_RevMode.Data)
                     {
                            case 0x01:
                                          
                                          break;
                            case 0x02:
                                         if(!Rev_Flag)
                                         {
                                                 Rev_Flag = 1;
                                                 LED1_SET(1);
                                                OneLineOut_Init();
C51 COMPILER V9.59.0.0   SYSTEM                                                            04/02/2019 20:08:29 PAGE 3   

                                                Protocol_SendMode.Command = 0x20;
                                                TimeOut_Record(&TimeOut_Para[0],OnLine_Time);
                                          }
                                         break;
                            case 0x04:
                                          
                                          break;
                            case 0x08:
                                          
                                          break;
                            default:
                                   break;
                      }
                      if(TimeOutDet_Check(&TimeOut_Para[0]))
                      {
                            TimeOut_restart(&TimeOut_Para[0]);
                            LED1_SET(0);
                            OneLineIn_Init();
                            Rev_Flag = 0;
                      }
                     #endif
 138   1      }
 139          
 140          


MODULE INFORMATION:   STATIC OVERLAYABLE
   CODE SIZE        =    126    ----
   CONSTANT SIZE    =   ----    ----
   XDATA SIZE       =   ----    ----
   PDATA SIZE       =   ----    ----
   DATA SIZE        =     20    ----
   IDATA SIZE       =   ----    ----
   BIT SIZE         =   ----    ----
END OF MODULE INFORMATION.


C51 COMPILATION COMPLETE.  0 WARNING(S),  0 ERROR(S)
